-0.0691051   0.413398   0.329682
-0.248006   -0.390147   0.277618
0.314336   -0.268964   -0.489091
0.176697   0.195062   0.0703566
0.41225   -0.180595   0.18379
-0.203002   -0.335378   -0.153604
0.225705   0.321422   0.436726
0.0100031   0.448506   -0.487004
0.491845   0.365094   0.435854
-0.113895   -0.310889   -0.343598
-0.449194   -0.27166   -0.422828
-0.346762   -0.201739   0.295454
0.131909   -0.00175296   0.486786
0.311406   0.438076   -0.41282
-0.0513934   -0.0649764   -0.33346
-0.308066   0.248232   -0.325469
-0.141459   0.289432   -0.47957
-0.0594355   0.4525   -0.261627
-0.224233   0.473758   -0.0285772
-0.0111741   -0.207532   -0.152256
0.138404   -0.31299   -0.0330696
-0.385757   -0.420518   0.459422
0.284936   -0.0749716   -0.379509
0.251358   0.209601   -0.393001
0.468541   -0.0978546   0.495887
0.165323   0.492905   -0.248768
0.24251   -0.265581   0.143163
-0.0356475   -0.00308576   -0.148519
-0.16363   -0.141266   0.229053
-0.443463   -0.301757   -0.18118
0.194858   0.45837   -0.0442422
-0.00366192   -0.322169   0.470418
0.394786   -0.413659   -0.170923
-0.464865   0.313949   -0.182242
0.32305   0.0493247   0.469121
0.429219   -0.417107   -0.389368
-0.470604   0.0581734   0.102948
-0.0927231   0.029806   0.35786
-0.472677   -0.0878137   -0.270779
-0.0140583   0.0986136   0.166857
0.424027   -0.315332   0.0213779
0.304407   0.0399733   0.0454352
-0.420566   -0.467343   -0.016151
0.138625   0.0911408   -0.0846674
0.0542185   -0.0661244   0.012712
-0.422229   0.087746   -0.0974438
0.482441   -0.018102   0.308078
0.120263   -0.189658   -0.476266
0.306231   0.349728   0.126186
-0.24356   -0.12249   -0.316586
-0.314001   -0.363992   -0.321275
-0.271627   0.0902306   0.0371431
-0.0999604   -0.149162   0.486062
-0.0782345   0.319505   0.158701
0.0531671   -0.104628   0.263329
-0.138985   -0.399704   0.0985437
0.121034   -0.299015   -0.271502
-0.26915   0.0714857   -0.40204
0.302935   0.351822   -0.223337
0.407507   0.421703   -0.0260291
-0.297237   0.409308   0.224119
0.480246   -0.272763   0.373102
-0.370019   0.480794   -0.194859
-0.286256   0.387421   0.430297
-0.274269   0.277738   -0.0769148
0.12804   0.105114   0.324622
-0.0663694   0.300972   -0.0473714
-0.302965   -0.303768   0.00769856
-0.211953   0.443456   -0.372154
-0.100493   0.173518   -0.239251
0.172619   0.497736   0.348769
-0.351098   -0.114379   0.107005
0.296656   -0.450586   0.1262
0.0584241   0.295591   -0.366406
0.107592   0.304988   -0.152759
0.0482322   0.454957   0.0925573
-0.267875   -0.277397   0.489806
-0.167589   -0.110658   -0.0148911
0.141923   -0.283989   0.33893
0.0794079   -0.386822   0.187696
0.323888   -0.136689   0.356413
-0.419876   0.436083   -0.383162
0.357061   0.247583   0.288512
-0.147456   -0.460832   0.450469
0.373476   -0.225143   -0.273883
0.475887   0.255527   -0.367471
0.284169   0.0356168   -0.186006
-0.33185   0.0515992   0.278962
0.442218   -0.0804678   -0.0617571
-0.198181   0.220577   0.324527
-0.416662   0.152068   0.44832
0.25165   -0.0184432   0.214619
-0.000735692   0.118279   -0.430842
0.238608   -0.151302   -0.0902778
-0.0333582   -0.424063   -0.0750574
0.126989   -0.0857827   -0.253218
-0.256392   0.0240194   -0.187948
0.126796   0.320057   0.241416
0.0135701   0.254929   0.414512
-0.000835336   -0.237074   0.110491
0.328418   -0.377401   0.310484
-0.340965   -0.085122   0.466605
-0.445405   -0.43647   0.209328
-0.338826   -0.122955   -0.102377
0.352266   0.195293   -0.0894192
0.0841353   0.111122   -0.269402
-0.470674   0.32169   0.10223
0.15418   -0.425546   -0.434023
