-0.73536   1.9205   0.552059
-1.02472   0.968788   -0.861121
-0.302482   0.852036   0.625526
1.58777   -1.00649   -1.68694
-0.550004   -0.586221   0.547882
-0.889404   0.853683   0.0825825
-0.793915   -2.32188   -0.84214
-0.570283   -1.1396   -0.431012
-0.0345611   1.60855   0.795036
-0.0308754   0.490799   -0.400643
1.5169   -0.492056   -0.0397887
0.780729   -0.941128   1.25049
1.37537   0.564428   0.779078
-0.674918   -0.423669   -0.500684
-0.931032   0.969845   0.788438
-0.922792   -1.54547   -1.06811
-0.0265241   1.93263   -0.0764294
0.957177   -1.30663   0.766588
-1.21952   0.960678   1.35869
0.54294   -0.158782   -0.103806
0.619633   -0.364171   1.67537
-0.253874   -1.33521   -1.26958
-0.276178   -0.719265   -0.365885
-0.398975   0.613112   0.918112
0.121924   -0.0792133   -1.14725
-0.530147   1.45148   0.472433
0.570123   -1.08437   0.253386
0.399277   -0.801577   1.01773
-1.4544   -1.67824   1.26067
-1.51396   0.0838647   0.84393
0.616677   1.43503   -1.35223
0.814906   -1.45891   0.410141
-1.46819   0.26028   0.766349
0.162831   1.6952   -1.5367
0.868996   0.968938   -0.598545
-1.09138   0.74398   1.76046
-1.91499   -1.52133   1.72993
-1.39263   -1.48402   -0.246027
0.690036   0.508392   1.50101
-0.188125   -0.462843   0.27508
1.1681   -0.234442   -0.251007
-0.860333   0.0747188   -0.0590624
-1.83247   0.582159   0.702913
-1.56871   -1.00657   -2.84831
-0.63346   -1.44599   -0.575506
0.406121   1.04051   -0.869721
0.0546601   -0.205599   0.489978
0.197267   -0.852671   0.40116
0.829255   -0.83514   -2.0788
-0.518567   -0.315838   -0.896069
-1.77192   -0.803538   1.17311
1.024   -0.848895   1.89485
-1.5582   -0.114103   -0.260529
-0.548944   -1.27035   -0.556803
-1.16623   -0.562467   0.0140911
0.103614   -1.78997   0.935817
-0.869148   1.09524   -0.794699
0.670912   -0.489114   -0.416835
-0.435034   -0.11401   0.265862
-0.694298   -1.02351   2.04169
-1.45652   0.984584   0.441277
1.01654   1.76374   -0.572474
0.3296   -0.0375918   0.30379
3.79305   2.90259   -0.396494
0.0633783   0.77591   0.034071
-0.0437528   0.431762   -0.600312
1.13106   0.0568384   -0.849275
0.82603   -0.00637452   -0.699691
0.228489   1.99234   -0.417474
0.19015   0.339041   0.391682
0.558242   -0.0746695   -0.795054
0.698572   -0.455018   0.432169
1.28402   -1.54747   0.390293
0.682508   2.01484   0.905169
2.13049   0.268046   -2.18832
0.862138   -1.80562   -0.470044
1.03605   0.927916   -0.10282
0.537227   0.752296   1.39196
-0.565187   -0.718713   0.0279764
0.188119   -0.737763   0.63621
1.36568   1.93131   1.1948
-1.75293   -0.284195   -0.885368
1.6569   1.52738   -0.788118
0.46197   -0.961712   -0.926776
0.440366   -0.708894   -0.591198
0.0688308   0.867158   0.9924
-1.74103   -0.492075   0.494256
1.10469   -0.777221   0.297412
1.34357   -1.14742   -0.888827
0.463376   -1.26017   -0.0827859
-0.90512   -0.852787   -0.480528
-2.26714   1.51872   0.964992
-1.45503   2.35357   -0.499137
0.0918335   -1.34086   0.731751
0.470497   0.571997   -0.798401
0.535131   -2.78595   1.34921
-0.898811   -0.399815   -0.421189
0.0308625   -0.160634   -1.0697
-0.54686   0.646583   0.354148
2.35039   1.54692   0.227489
0.825714   -1.45622   0.00532016
0.105304   -0.690851   -1.04696
1.28847   2.01181   -1.62567
-1.70957   2.61685   1.19401
1.13418   1.23164   -0.334791
0.361407   -0.537025   0.650887
-0.615131   0.137811   -2.58349
-0.130439   0.215817   0.487406
