0.0149666   0.286535   -0.402862
0.0122945   -0.272926   -0.154221
0.368862   0.435687   -0.24623
0.140824   0.196149   0.0483838
0.271464   0.0309752   0.0446126
-0.0945772   -0.323063   -0.350087
0.33999   0.309345   0.0400451
0.173054   -0.288995   -0.467337
-0.393391   -0.253339   0.413732
0.373947   0.0927173   -0.435372
0.173071   -0.421985   -0.182745
-0.315247   0.418219   0.169796
0.350835   -0.375555   0.136851
0.258815   0.43099   0.481759
-0.02426   -0.0520696   -0.218983
-0.469706   0.325843   -0.0502362
0.169164   0.45964   0.0937064
0.380603   0.302078   -0.4109
0.38296   -0.0158015   0.20845
-0.179186   -0.240789   -0.185836
0.167698   -0.082131   0.219915
0.127177   -0.0624524   0.4923
-0.219515   -0.215705   0.0498263
-0.0083475   0.403688   0.0507627
0.174009   -0.221194   -0.253903
0.243329   0.183175   0.235505
0.334442   0.412014   0.259972
-0.352048   0.194651   -0.112524
-0.430316   0.45708   -0.319019
-0.0469565   -0.0720139   0.398039
-0.19042   0.286045   -0.441903
-0.430806   -0.237508   0.201031
-0.328249   0.0943038   -0.346125
0.259813   0.0650583   0.38439
0.0862284   -0.446098   -0.357033
0.136598   -0.405747   0.2892
-0.252437   0.42046   -0.0204088
0.375586   0.251795   0.381101
0.400524   -0.075697   0.437531
-0.368131   0.030422   0.0523423
0.469582   -0.134585   0.0377734
-0.24332   0.373759   -0.239399
-0.0382681   -0.251726   0.25172
-0.490152   -0.482718   0.152154
-0.353044   8.70256e-05   -0.164904
-0.27211   0.32046   0.340417
0.00756856   0.349664   -0.174636
-0.389881   -0.214977   -0.136908
0.167006   -0.103512   -0.0769134
0.305743   -0.395228   -0.347157
0.439842   0.185185   0.169087
-0.0696288   0.456374   -0.315934
0.271265   -0.181219   0.0848689
0.484188   0.114693   -0.0920534
0.219952   0.326186   -0.320018
-0.471396   0.106302   0.404371
-0.0073727   -0.153953   -0.393742
0.401435   -0.157123   -0.182902
-0.19034   -0.0499577   -0.330401
0.350012   0.245489   -0.177045
0.0233682   0.440674   0.476449
0.494308   0.175954   -0.280664
0.487808   -0.0440781   -0.33084
-0.338332   -0.217988   -0.331737
-0.106031   0.303939   0.232803
-0.411813   -0.465816   0.339784
0.283008   -0.0962385   -0.394659
0.382475   -0.307818   -0.0567974
0.235983   -0.20221   0.363307
0.157418   0.247749   0.453934
-0.159256   -0.0015366   0.223418
-0.224985   -0.365993   0.367651
0.144096   -0.320598   0.0435519
-0.391023   -0.369371   0.00222829
-0.186687   0.176829   -0.213552
-0.0169659   -0.345785   0.471561
-0.26609   -0.419733   -0.196318
-0.385158   0.31612   -0.49227
-0.366876   -0.0639997   -0.481566
-0.475159   -0.393219   -0.201811
-0.197221   0.217167   0.0118005
-0.189462   -0.18746   -0.472716
0.458868   -0.480636   -0.476122
0.32537   0.0370913   -0.241892
-0.0352588   0.193904   0.404934
0.176836   0.10136   -0.40528
-0.396448   -0.0269683   0.262239
0.196734   0.335505   -0.0968384
-0.0685526   -0.485882   -0.098799
-0.203429   0.0987204   0.4435
-0.0991235   0.497103   0.304648
-0.316771   0.171298   0.191891
-0.279673   -0.394049   0.170403
-0.18166   -0.0145337   -0.0689199
-0.00799961   0.0801946   -0.0294467
0.300247   -0.382083   0.405684
0.175367   0.123821   -0.158615
0.00462606   -0.104289   0.0790285
-0.0862098   0.12034   -0.406673
-0.472944   0.325069   0.261866
0.419215   -0.262637   -0.411781
-0.0698048   -0.390322   0.108487
0.315956   -0.487875   -0.0401636
0.123524   0.367964   0.293807
-0.233704   -0.164458   0.302716
0.0306576   0.0536426   0.209085
0.429262   -0.271376   0.326973
-0.202173   -0.494459   -0.486106
