-0.367622   -0.380903   -0.427666
-0.0556807   2.57005   0.855164
0.432134   -1.51308   1.27714
0.0368829   -0.539916   -1.30306
0.751042   -1.18518   -0.854837
1.06975   -1.76462   0.837876
-0.140228   1.17915   -0.521163
0.427815   0.209625   -0.120671
0.446307   -0.860093   -1.72882
-1.05315   -0.60281   0.154932
0.663853   -1.67455   1.21236
1.46643   1.59502   0.240178
-1.4167   0.714579   1.09422
-2.35196   0.328533   0.0767251
-0.520506   0.136291   -1.3364
0.10039   -0.400962   1.62569
-0.867429   -1.44439   0.121119
-0.545839   -0.413444   0.195902
-0.559595   0.234229   0.791427
-1.66945   0.063086   -1.73097
-1.40959   -0.770276   1.5094
0.540803   -0.31364   1.2742
0.0869068   0.20527   -0.195804
0.360524   -1.54546   0.88304
0.182337   0.239501   -0.82903
0.642965   0.580935   -0.0882247
0.172575   0.538888   0.131514
0.0108659   -2.56983   1.43211
0.473963   0.309587   0.522379
0.52028   1.18295   -1.07969
-1.73608   0.471715   0.476208
-0.36866   1.22503   -0.615173
-1.43807   -1.17937   -0.0726989
0.754128   -0.161532   -0.906897
-0.0621439   1.3391   0.558693
0.98038   0.906859   0.997421
0.3621   -1.72925   -0.150746
1.417   0.763261   1.85195
-1.56292   -0.760387   -0.337948
-0.678833   0.286359   0.726744
0.64697   0.226423   -2.80111
-0.582335   1.72944   0.647127
-1.0858   -0.685273   0.372529
0.993124   1.72148   -0.630188
-1.63845   1.4918   -0.533229
0.0758502   -0.692144   -0.890684
-0.963311   -0.184307   0.282659
1.09623   -1.85444   -0.0122115
0.846092   1.49094   -2.35231
0.854654   0.183443   0.00437519
0.767502   -0.0185863   0.236195
0.427377   2.73025   -0.436399
-1.4558   0.752776   -1.50316
-1.21761   -0.66615   0.832939
-1.19864   -0.634368   0.553857
-1.13314   -0.034082   -0.374776
-0.654409   -0.0775255   -0.147741
-0.34266   -0.595143   -0.628301
1.98984   -1.09739   -0.0926695
0.983351   1.89187   -1.68314
-1.17649   -0.777842   0.366667
0.613391   0.671723   -2.29529
-1.93032   -0.371572   1.38072
-0.969587   0.22626   1.05543
1.67749   0.200417   0.543857
-0.132394   0.229676   -0.220329
2.94079   -0.208559   -0.361917
0.143974   -1.36106   0.699114
-1.5829   -0.00857738   -0.0486176
0.376574   0.257685   -0.247118
0.436344   -0.187887   -0.000224089
-1.46931   -0.0272033   -0.783074
1.89922   -0.568328   0.291456
1.97352   -0.973034   1.42071
0.0121765   -0.50999   -0.0417685
-0.271302   0.863338   1.04611
-1.07268   -0.238273   -0.979801
-0.514478   1.16474   1.77713
1.39935   0.820092   0.48205
-1.20779   0.762187   0.400197
0.802564   -0.389341   -1.07402
-2.00809   -1.42682   -0.631202
0.647643   1.463   -1.2507
-0.331236   -1.79385   -0.475796
-1.22151   1.89841   -0.982716
0.973766   -1.71751   2.16649
1.48516   -0.137931   0.253231
-0.651194   0.431217   -2.13568
-1.36183   -0.327364   2.10102
1.00702   -1.86384   -0.159091
0.937162   -0.143677   1.0643
-0.783624   -0.345172   -2.08905
1.73284   0.588301   2.08474
1.12609   0.774508   1.41196
-0.412231   1.80582   -0.0626511
0.705579   -0.269785   1.42138
0.627713   0.905527   -1.26954
-0.92655   -2.6984   -0.905551
-0.675305   1.31227   -0.353978
-1.92641   -0.376374   0.469243
-0.521257   -0.246394   0.802489
1.56861   0.412709   -0.516611
2.08647   0.920891   0.422513
-1.59501   -0.0396466   1.47237
0.149487   0.287925   -0.616435
1.65473   -0.317929   -0.916551
0.584072   0.0113546   -0.471666
1.67592   0.369012   -1.63414
