-0.479304   -0.481624   -0.486705
-0.36248   -0.304818   0.495553
0.489177   -0.336746   -0.320828
-0.326556   -0.488241   -0.321175
-0.150634   -0.489894   -0.488406
0.0158516   -0.350775   0.480414
-0.154411   -0.333677   -0.33412
0.0086992   0.495536   -0.330409
0.167511   0.475363   0.477651
0.314421   -0.364681   -0.483446
0.1543   -0.344724   -0.32063
0.32489   0.488649   -0.3106
0.470579   -0.166165   -0.492812
-0.322336   -0.0101892   0.495277
-0.492978   -0.0138135   -0.336009
-0.316879   -0.168711   -0.329323
-0.17193   -0.164642   0.486689
0.00627571   0.00448005   -0.483295
-0.165824   0.0059238   -0.323834
-0.00268356   -0.160085   -0.339092
0.167579   -0.177999   -0.49082
0.334279   0.00558208   0.486743
0.15124   0.0112851   -0.322739
0.319731   -0.15528   -0.325498
-0.466574   0.184584   0.497213
-0.305747   0.332691   -0.487489
-0.474861   0.338622   -0.345684
-0.327249   0.170078   -0.328597
-0.17497   0.157717   -0.499089
0.00484149   0.318021   -0.485992
-0.156772   0.357059   -0.329614
-0.0137447   0.193762   -0.311073
0.166806   0.159314   0.49185
0.357094   0.330432   -0.489977
0.164162   0.315642   -0.310436
0.337273   0.167059   -0.339033
0.496025   0.490787   -0.168099
-0.338608   -0.32073   -0.154999
-0.494104   -0.320366   0.0106048
-0.323138   -0.495123   -0.0147345
-0.154646   -0.483159   -0.177156
0.00262944   -0.314135   -0.169147
-0.178893   -0.332286   0.0186882
-0.0146606   -0.478693   0.00803388
0.170245   0.494388   -0.157174
0.316428   -0.334328   -0.161801
0.152123   -0.339922   -0.00853325
0.347478   0.492376   -0.00439542
0.491276   -0.16173   -0.169956
-0.327558   0.0164774   -0.14673
0.493566   0.0304584   -0.0191068
-0.329952   -0.164248   -0.00615204
-0.163657   -0.176167   -0.172603
-0.0127385   -0.00675598   -0.156287
-0.185754   -0.0104813   0.00570241
-0.0161977   -0.164417   0.00143414
0.169407   -0.174639   -0.162626
0.324837   -0.00282606   -0.171241
0.17781   -0.0167381   0.00793859
0.343311   -0.169343   -0.00156336
-0.496958   0.172818   -0.191964
-0.324606   0.322174   -0.155345
0.499285   0.331223   -0.000549764
-0.342036   0.177258   0.00396079
-0.184817   0.164365   -0.144987
0.00460451   0.348777   -0.15907
-0.158403   0.334838   0.00271172
-0.0176842   0.159665   -0.00196187
0.141493   0.136184   -0.155797
0.33522   0.342101   -0.159247
0.177236   0.304626   0.00851792
0.340924   0.170853   -0.0279095
0.499345   -0.486594   0.146405
-0.336739   -0.316716   0.175252
0.494761   -0.348766   0.333506
-0.322849   0.499711   0.324094
-0.168972   0.490209   0.164106
-0.0122951   -0.326974   0.178688
-0.185577   -0.333564   0.348409
-0.0254444   0.485668   0.330005
0.168139   0.489183   0.140208
0.334754   -0.34203   0.159008
0.186731   -0.33133   0.332865
0.339331   -0.497857   0.316629
-0.498361   -0.152332   0.161567
-0.341322   0.0147396   0.149401
-0.475361   -0.00326621   0.338229
-0.319526   -0.14906   0.309697
-0.167167   -0.161478   0.15273
-0.00474418   -0.0151262   0.166738
-0.178684   0.00979754   0.312989
0.0030131   -0.17089   0.347977
0.160197   -0.189033   0.170857
0.347024   0.0176259   0.161011
0.162907   -0.0143049   0.337399
0.334056   -0.165388   0.337243
-0.478346   0.186102   0.17496
-0.331925   0.347817   0.147937
-0.490917   0.338891   0.324572
-0.332086   0.180759   0.333942
-0.168893   0.160051   0.139429
-0.00624156   0.334426   0.15217
-0.156152   0.314705   0.317896
-0.00382932   0.145195   0.326197
0.153379   0.139327   0.166429
0.341526   0.338793   0.168614
0.131268   0.331909   0.325938
0.340723   0.156656   0.33371
