-0.0719587   -0.104745   -0.23805
0.33094   0.315299   -0.126757
0.177037   0.932047   0.18154
0.0965529   1.00998   0.746395
0.348621   0.0900191   -0.567313
0.238542   -0.380957   -2.35017
-0.489112   -0.356897   -0.711505
-0.0961647   1.46699   2.11298
1.26432   -0.297491   -0.473908
0.288072   -0.93335   0.401454
0.0122437   0.218363   1.44117
1.17942   1.11286   1.0703
1.89632   0.442375   1.18873
0.366677   0.492362   0.492162
-0.269667   1.07736   0.0552816
-0.731653   -0.680809   1.06646
-0.512917   1.39655   -1.6319
0.324354   -1.22342   0.752046
0.0732433   0.00203515   -0.602918
-0.0787426   -1.1213   -0.677021
-0.420021   -0.883148   0.21266
-0.35928   -0.780589   1.19967
-0.255283   -0.564696   -0.905922
-2.56297   -0.170159   0.143773
1.76539   1.51412   -0.00726526
-0.24114   -1.83788   0.425207
1.05506   2.02439   1.17283
-1.00053   -1.51251   0.167782
0.140944   0.662527   -1.71211
-0.85803   1.09221   -0.159036
-1.06811   -0.805405   -0.719685
1.05788   -1.44873   -0.749008
-0.349679   0.623144   -1.28457
-0.330113   0.678642   -0.897154
-1.29084   -1.27685   -0.579313
0.396352   -1.42951   0.280743
-0.386312   -0.342436   -0.538821
0.551033   0.0527922   0.419847
0.1293   0.223808   1.67743
0.780058   0.413369   0.0101331
1.62321   0.768574   -0.102151
0.332401   0.395883   0.679048
0.35802   0.399394   -1.07578
-1.15526   -0.580562   0.334621
-0.872195   -0.0643223   1.21258
-0.0502451   -0.25221   -1.21103
-0.708047   -0.0239013   -0.373702
-1.59914   0.802187   -0.142176
0.01548   0.674276   -0.387036
-0.988941   -1.06289   0.341955
1.11848   0.791246   -0.537616
0.15542   0.212542   -0.343145
0.330677   1.51101   -0.664731
0.592431   0.968054   1.17186
0.233972   0.614473   0.456129
-1.11289   0.892552   -1.06069
-0.0361049   0.389913   -1.36737
-0.742649   0.350944   -0.313663
-0.175283   -0.171866   -0.704622
1.59951   0.732874   1.27236
-0.541675   0.105025   0.881303
0.576888   0.134776   0.780459
1.26108   1.12445   -0.587159
-0.506598   -1.89757   -1.14963
-0.837443   -0.415389   0.334838
-1.55695   -0.20109   0.255843
0.560104   -0.353052   0.468101
-0.650008   -0.937277   0.622885
-0.260307   1.09394   -2.04362
-0.89494   -1.1503   1.59748
-0.56288   1.07901   -0.778268
-0.423204   1.10464   -1.46269
-0.413659   -1.1204   -0.842244
-0.598917   0.159671   0.0761355
0.00369248   -0.832349   0.003915
-0.518451   -0.192549   -0.3987
0.217425   -0.863041   -0.359549
-0.557172   -0.100127   0.0413738
0.8697   -1.86894   -0.0479756
-0.00278146   0.651188   -1.48755
0.150795   -0.00591748   0.869482
0.117282   0.508967   0.721671
-0.0814976   -1.5635   -0.679839
-0.704836   0.345783   0.766524
0.172068   0.296106   2.02069
1.31491   -1.53986   0.465915
0.557864   0.233665   -0.425166
0.21975   0.308904   0.729603
-0.901097   1.24095   -0.858239
0.161263   0.384911   0.572218
0.219245   -1.26108   0.819103
-0.153944   1.57049   0.183457
0.567459   -1.14498   1.25816
-0.545562   -0.179645   -0.833795
1.08759   0.815087   -0.653623
0.275715   0.236242   1.42112
-0.0771786   0.262571   -0.718387
0.0966402   0.123872   0.938019
-1.06544   -0.476947   0.564658
0.271454   -0.815089   -1.04276
0.451695   -0.478848   1.68525
0.283263   -0.366825   -0.18214
0.8325   0.346943   0.509441
0.259094   -0.518099   -0.0496491
-0.472087   0.281528   -0.292203
0.0681253   -1.24469   -0.0827739
0.55705   0.253294   -1.01191
1.15528   -0.172973   -0.0707849
