-0.449161   0.462843   -0.0471337
0.434438   0.000593298   0.357573
-0.0414654   0.476792   0.372055
0.112317   0.0613557   -0.417111
-0.331708   0.175982   0.411532
-0.325176   -0.364266   -0.309004
0.0208365   0.209035   0.473289
-0.193102   0.18345   -0.00517246
0.0550627   -0.129506   -0.112619
-0.0925336   -0.0868741   -0.0182784
0.102477   -0.060523   0.224958
-0.0480393   0.0536789   0.39353
-0.0441385   -0.287011   -0.297209
0.202582   -0.126435   0.0628113
0.222544   -0.164805   -0.3572
-0.25609   0.499676   -0.0987702
0.123028   0.0240257   0.194085
0.195444   0.293753   0.401078
0.270919   0.0847968   -0.0661145
-0.0496178   -0.496646   0.462546
-0.198349   0.0250208   0.219997
0.193776   0.0700121   0.0396578
0.0399839   0.0198191   0.059229
0.154009   -0.222804   0.151447
0.318349   -0.38806   -0.408736
0.0486809   -0.135679   0.038313
0.3253   -0.22263   0.383319
0.341069   -0.289101   0.444727
0.188897   -0.402076   -0.39907
0.341486   0.461867   0.111682
-0.331115   -0.281512   0.203958
-0.151529   0.155384   0.174654
0.163352   0.336076   0.340301
0.0714695   0.199282   0.3262
0.262905   -0.469828   -0.369855
-0.374536   -0.252506   0.489721
0.399691   -0.281287   0.304342
0.469264   0.425246   0.108622
0.356297   -0.397034   0.436318
0.22496   0.27794   0.130434
-0.477673   0.259038   -0.0333296
0.333809   -0.0490134   -0.302452
-0.29168   0.445696   -0.150577
-0.444693   -0.170324   -0.486608
-0.275787   0.227216   0.154952
0.150666   0.393917   -0.439681
-0.479313   0.102578   0.369285
0.015362   0.0251901   -0.0218448
0.112091   -0.487516   0.462768
0.29615   0.155884   0.45973
-0.35476   0.122318   0.22575
0.0721314   -0.424257   0.172131
-0.449076   0.127418   0.158745
0.491696   0.317501   0.43564
0.353956   -0.12912   0.102772
0.353916   0.0159592   0.342907
0.296803   -0.209533   0.487839
-0.248477   -0.319479   0.0546165
-0.0606674   -0.495981   0.0222406
0.487689   0.496703   -0.478468
0.360724   -0.0657584   0.301911
-0.418784   -0.449586   0.166373
0.208812   0.0786247   0.495746
-0.487177   0.312645   -0.208911
0.490293   -0.0400168   -0.331119
0.0564172   0.116658   0.115458
-0.193594   0.205668   0.283319
0.411705   -0.178484   0.449567
0.486094   -0.333777   0.309327
0.333328   -0.26584   -0.163831
-0.284732   0.470956   0.0276488
-0.352971   0.469127   -0.0948575
-0.26957   -0.391679   -0.391272
0.0685909   -0.446995   -0.245587
0.161487   -0.0413849   0.303897
-0.115996   0.297562   0.427621
-0.0872513   -0.0675867   0.0608629
0.38121   -0.417457   -0.469852
0.353503   0.49231   -0.426463
-0.181319   -0.355447   -0.305665
0.116741   -0.301508   -0.307198
0.189168   0.0790244   -0.400218
0.413753   0.35758   0.102455
0.262833   -0.285199   -0.355016
0.0237771   -0.22358   -0.336085
0.303427   -0.402694   0.127742
0.0541239   0.343824   -0.499135
-0.47561   -0.0158296   0.00771999
-0.268844   0.278801   -0.466723
-0.483314   -0.0235137   0.307146
0.171276   -0.29425   0.215867
-0.36471   -0.398471   0.475741
-0.192429   -0.345365   -0.380494
-0.349832   0.252965   -0.360215
0.0637521   -0.127999   0.136219
0.114925   -0.166185   -0.384781
0.275997   0.208592   -0.42447
-0.135486   -0.269281   0.136331
-0.385078   0.302331   -0.294726
-0.242912   -0.40435   -0.268931
0.0702973   0.36549   0.417855
0.467689   0.293759   -0.325816
-0.0276328   0.177872   -0.134373
-0.182823   0.40894   -0.0944072
-0.43403   -0.0606685   -0.321584
-0.49341   0.0403433   -0.127674
0.237584   0.0328919   -0.211091
-0.0108645   -0.0354033   0.09184
