0.267382   -1.09155   -0.980099
1.4399   1.05383   0.6538
1.84181   -0.829616   -0.713217
-0.170806   -0.233284   0.391501
0.0503241   -1.46891   0.174726
-1.0405   -1.54438   0.361336
0.0660983   1.00669   -0.993698
0.353695   1.07274   -0.112542
0.756977   -0.582908   1.9144
0.770281   1.98945   2.07128
0.54552   1.04958   -2.39403
-0.00452049   -0.51256   1.34735
0.743822   -0.748692   0.64635
1.52264   0.145087   -1.02504
0.391471   1.23396   -0.384402
-1.73639   0.886014   -1.92619
0.854883   0.719194   0.919937
2.35759   -0.801737   1.98607
1.30148   0.83403   0.636528
1.15218   -1.26321   1.69531
0.0646668   -0.475644   -0.623455
2.04845   0.0783753   0.526954
1.47805   0.165358   1.18603
2.27775   -0.297667   -0.907037
-1.21175   -0.282764   0.374175
-0.122127   0.363965   0.295049
2.69067   -0.45182   0.133035
-1.71397   0.709605   0.722983
-0.375972   -2.03568   -1.21412
-1.06715   -0.251528   -0.367963
-1.01746   -0.0502002   1.15173
1.14339   0.583878   0.0784474
0.606899   1.58168   0.995906
-0.320936   -1.19333   0.925844
0.683297   0.855867   0.837462
0.263279   -1.5069   -0.916846
-0.31831   2.02173   -0.621596
0.372404   0.0692435   -0.0530293
-0.291715   0.05311   0.502976
-1.34778   1.54452   1.16436
0.351408   -1.8994   1.88476
2.2731   0.172976   0.828876
-0.932287   -0.534824   -0.85784
-1.80394   0.254341   -0.418525
-0.181289   -1.44956   -0.483368
-0.269304   0.580061   0.00137159
-0.722712   -0.865243   1.03399
-1.34208   -1.23698   0.282638
-1.11009   0.749727   -1.21253
-1.83142   -0.325029   -0.0176391
-0.764763   -1.55863   3.54458
-1.70869   -1.07794   0.45773
-0.797818   -0.380539   -0.208024
-1.54283   1.58276   0.80181
1.04712   -1.34688   0.692767
0.312578   -1.55358   0.312823
-0.0057776   -2.18927   0.0316796
-0.225853   1.44941   0.309699
1.15677   0.515151   0.909549
0.394887   1.47226   -1.00167
-0.763125   2.37886   -0.876842
-0.344214   0.440333   -1.52047
-2.22924   0.756034   -0.575231
2.45708   1.0069   0.737091
0.0736323   0.71317   -1.35994
-0.946573   0.413101   0.353296
-0.69452   2.83032   0.286521
0.952021   0.330941   -1.63437
-1.88295   -0.352513   -1.4175
-0.925447   0.802819   -1.90151
1.42674   -3.05763   -3.57577
0.639843   1.60388   -0.456437
0.893734   -0.565847   0.44084
0.0458905   -0.328995   1.37235
0.0447367   -0.184959   -1.13213
0.347433   0.580209   -0.738828
-1.18076   -0.691537   -0.738602
-1.04925   0.242264   -0.120546
-0.501009   1.74197   1.08925
1.0994   -0.378607   -1.08386
-1.50945   -0.0505173   -1.61494
-0.154385   -1.28872   -0.378166
-0.3928   -1.14338   1.6036
0.132717   -0.899577   -1.30916
0.463324   -1.84988   -0.983693
0.46314   1.19861   -1.46722
-0.991677   -0.0720838   -0.859178
-1.4161   0.159102   0.217306
-0.864029   -0.4609   0.67499
-0.515792   1.40671   0.919799
0.498781   0.0902603   0.0843916
-0.21582   0.424383   1.4726
0.374006   1.69809   -0.271731
-0.484525   -1.09454   -0.47049
1.34887   -1.60996   1.25843
-0.22933   -1.4111   0.278329
1.83069   2.33157   0.465253
0.916396   0.644309   -0.437509
-1.3818   -0.459785   -1.15918
0.527481   -0.43807   -0.484152
0.772498   -0.610427   -0.51387
-0.226005   -0.74087   -0.000157938
-0.132428   -0.425835   0.584868
-1.40942   -0.287716   -0.312145
0.916133   0.596912   0.256703
-0.969906   1.44027   -0.832868
-1.28343   1.41289   -0.13657
-1.13308   -1.59479   0.914487
