-0.36087   -0.47408   0.0194642
-0.208432   -0.0127016   -0.14351
0.0172918   -0.46461   0.0652259
-0.499504   -0.336059   0.284232
0.379431   -0.356974   -0.423844
0.407439   -0.0114169   -0.225666
0.400154   0.300896   -0.104176
-0.0763422   -0.0490786   -0.260721
0.395036   -0.0430208   0.253663
-0.0623917   -0.445836   0.0432375
0.0604338   0.310212   0.389554
-0.297529   0.471848   0.0686416
0.160308   -0.455823   -0.0294275
-0.179997   -0.280899   0.122372
-0.146935   -0.0291426   -0.454744
0.107611   0.184178   0.441067
0.484674   -0.172969   0.30335
-0.262483   -0.454615   -0.275651
-0.327074   -0.426898   -0.0996283
-0.0901578   -0.292055   -0.0670364
-0.385752   -0.358734   -0.0201905
0.469898   0.0889877   0.445213
0.417569   0.390796   -0.309452
0.256763   -0.499212   -0.0794121
0.483626   -0.164542   -0.137411
-0.100964   0.383425   -0.187969
-0.1253   -0.286546   0.196758
-0.270881   -0.265302   0.342762
0.107432   -0.085494   -0.467881
-0.123441   -0.374016   0.0602134
0.0494105   0.20771   0.377473
0.139029   -0.379541   -0.385429
-0.0374555   -0.12934   -0.48224
0.211602   -0.475588   0.417009
0.289368   0.0847381   0.200455
-0.0633177   -0.109637   -0.39512
0.287281   0.342058   -0.492285
-0.406804   0.265743   0.040297
0.0467218   -0.0589075   0.0567826
-0.462482   0.271776   -0.117579
0.336856   -0.0695687   -0.0806334
-0.34146   0.394075   -0.381261
-0.403066   -0.00995387   0.24946
-0.23626   -0.131595   -0.479631
0.242035   0.250025   0.155855
-0.0556486   -0.136601   -0.0347752
-0.204671   -0.215335   -0.0130224
-0.170789   0.436615   -0.444744
-0.040147   -0.224691   -0.465581
0.122948   -0.467888   0.0848625
0.413255   0.249591   -0.334498
-0.148566   -0.178688   0.225031
-0.169377   -0.00612478   0.269463
-0.0534309   0.46522   -0.483319
0.0467156   -0.390903   0.0609927
0.327954   -0.412745   0.00274888
-0.34001   -0.330011   0.406116
-0.151809   -0.105549   -0.00410756
0.302038   -0.39746   0.31629
-0.357942   0.138833   0.072655
-0.279862   -0.311119   0.0241994
0.263698   -0.261842   0.0898434
-0.0285529   0.0124961   -0.434089
-0.0359567   0.0282045   0.389797
0.468687   0.0387907   -0.114045
-0.375932   0.0260247   0.378259
0.404009   0.131635   -0.0535834
0.10046   0.164261   0.0576928
-0.390961   0.0998757   0.273536
0.397837   0.265237   0.440344
0.363645   -0.265569   0.119718
-0.0500863   -0.172141   -0.190526
-0.420995   -0.150969   -0.281219
-0.498484   0.287324   -0.029118
-0.387658   0.362202   0.0378365
0.419637   0.158846   0.486614
-0.225968   0.361651   0.0173675
-0.418981   -0.325759   0.133256
0.267163   -0.418453   0.131455
-0.261959   -0.176395   0.436686
0.0145173   -0.168491   0.317735
-0.433117   0.384768   -0.415736
0.0156378   0.160684   0.119475
-0.0902828   -0.0274515   0.2866
-0.493818   0.250086   -0.244477
0.144593   -0.399781   0.405774
-0.424494   -0.413133   0.155327
0.0388231   0.218357   -0.173328
-0.287664   -0.354736   -0.302707
-0.205897   -0.103885   -0.159207
-0.431767   -0.335825   -0.136845
-0.436243   0.0995295   0.0395989
-0.349919   0.354449   -0.299389
-0.310454   -0.0427501   0.29161
0.21703   0.256237   0.265226
-0.0121062   -0.0124428   -0.312104
-0.0274919   0.251123   -0.226506
0.346325   -0.230555   0.0378376
0.459265   -0.0597811   -0.464352
-0.401855   0.282955   -0.199499
0.0447433   0.201026   0.197746
-0.203642   0.0915363   0.459729
-0.206395   0.495441   -0.235322
0.31693   -0.197671   0.114727
-0.177884   -0.0828551   -0.391408
-0.421091   -0.474076   -0.160794
-0.322041   0.167497   0.158584
-0.473015   0.168944   -0.132618
