0.606908   -1.15816   -0.0747493
-1.67476   0.945316   -0.606317
0.196115   -1.07374   2.60582
1.49966   1.12033   -0.129004
-0.693005   -0.318972   -1.84229
-0.373743   0.514567   -0.249877
-0.396394   0.566984   0.217112
-0.779851   -1.8201   1.31666
1.55885   0.494954   -0.00854256
0.360598   0.471083   -0.53713
-1.19887   -0.207844   -0.935911
1.04896   0.857376   0.440628
1.29235   0.563464   -0.471343
-1.37661   0.827706   -0.809752
-0.795302   -1.94751   -0.727764
1.339   -0.138338   -0.096567
0.0441269   -0.411382   1.70895
0.532197   -1.03361   0.394971
-1.48403   0.161257   -0.226704
-0.512618   -0.886951   0.103109
-0.453754   -1.21227   -0.492909
0.805185   -0.304824   0.216559
1.38024   0.391081   -1.29559
-2.05045   0.0555804   0.459106
-0.130337   -1.23324   -1.24743
-1.00947   2.32177   0.710714
1.62031   0.214217   0.401927
1.69301   1.91369   -0.872276
1.73663   -1.02181   1.24412
-0.5438   -0.303621   -0.301807
-0.34453   -0.0687039   2.52577
0.490422   0.873438   -0.324066
0.0507882   -2.8247   0.11608
0.215568   -0.787756   -3.62
-1.6045   0.265235   -0.112034
-0.472343   -0.362483   0.565063
-0.142474   -0.301872   -0.880939
-0.305873   0.66257   -3.09024
-0.842686   -1.94007   0.411727
-1.05089   0.763316   0.290204
0.816883   1.4465   -0.107559
-0.9947   -0.399476   -2.14927
-0.306914   1.14251   0.0554819
-1.3769   0.832764   0.880123
-0.931561   1.97232   2.20238
1.14384   2.39286   0.526568
0.766112   0.513563   -0.15822
0.134649   1.23068   0.751304
0.0202253   0.214596   0.585626
-0.57399   0.178245   1.17251
-0.188187   -1.31792   2.10315
0.0859571   -0.862292   -1.58941
3.69371   -0.967138   -0.737871
-1.02033   -0.816619   1.58703
-0.160444   -0.33011   0.599678
-0.178842   1.13201   0.612158
1.59978   -0.241712   0.120365
-1.21129   1.42459   -0.995496
0.371151   2.11987   1.73694
0.398553   -1.5883   -1.50398
-0.257545   1.83285   0.434819
0.510783   0.0678882   0.200894
0.735697   -0.435155   0.0683358
1.19318   -1.34484   -0.315867
-0.159738   -0.467344   -1.33812
-2.53731   -0.106932   -1.35888
-0.108474   0.746184   1.29155
0.107905   2.33819   0.0263181
0.0127922   -0.496078   -1.37109
-1.09789   0.742636   -1.52334
0.481189   -1.18597   -0.0050959
-0.322317   0.525687   2.84815
-0.150459   0.463182   -1.25541
1.25108   0.0824818   2.75311
-0.121358   -2.38788   0.668267
0.169483   -0.213405   -0.289857
0.0506386   -0.156159   0.830318
-1.40925   0.128451   -0.159632
-0.688445   1.96363   0.212451
0.447288   -0.31713   -0.554408
1.0803   -0.491946   -0.586863
1.55939   -0.416672   0.899283
2.58441   0.137754   -1.61611
-0.437986   -0.524718   0.25637
-0.504125   -0.0888692   0.46214
0.540196   1.31393   -0.246477
0.46028   0.226811   -2.74074
-0.989434   0.443312   1.32724
-0.449644   -0.173785   1.57394
2.66553   -2.81934   0.498307
0.285768   0.758514   1.09263
-1.19837   0.383699   -1.48829
-2.64321   -1.2589   -0.425477
0.642146   -0.469885   -0.257686
-0.356453   0.122048   -1.01679
1.18623   0.230396   0.499519
-0.472539   -0.327256   -0.355545
0.140393   -0.742515   0.237282
-1.77756   -0.162491   -0.199221
-0.554315   -1.51568   0.477466
-1.60123   2.56346   -1.59705
0.253085   -1.42593   -1.15408
1.20813   0.42303   1.25822
-0.00250166   -1.914   0.249478
1.0201   -0.489638   0.386031
0.136786   0.557368   -1.22897
0.0528888   1.32527   0.613994
-1.25783   -0.147145   1.45213
